  mm.c
F:\study\Projects\gl_world\l_world\inc\typedef.h(28,1): warning C4005:  “__r”: 宏重定义
F:\study\Projects\gl_world\l_world\inc\typedef.h(19): message :  参见“__r”的前一个定义
F:\study\Projects\gl_world\l_world\mm\mm.h(78,55): warning C4090:  “函数”: 不同的“const”限定符
F:\study\Projects\gl_world\l_world\mm\mm.c(63,75): warning C4047:  “<=”:“int”与“void *”的间接级别不同
F:\study\Projects\gl_world\l_world\mm\mm.c(83,38): error C2039:  “pfrlst”: 不是“mm_t”的成员
F:\study\Projects\gl_world\l_world\mm\mm.h(55): message :  参见“mm_t”的声明
F:\study\Projects\gl_world\l_world\mm\mm.c(83,51): warning C4090:  “函数”: 不同的“const”限定符
F:\study\Projects\gl_world\l_world\mm\mm.c(83,51): error C2198:  “Queue_Delete”: 用于调用的参数太少
F:\study\Projects\gl_world\l_world\mm\mm.c(118,25): warning C4090:  “return”: 不同的“const”限定符
F:\study\Projects\gl_world\l_world\mm\mm.c(132,25): warning C4090:  “return”: 不同的“const”限定符
F:\study\Projects\gl_world\l_world\mm\mm.c(143,34): error C2039:  “pfrlst”: 不是“mm_t”的成员
F:\study\Projects\gl_world\l_world\mm\mm.h(55): message :  参见“mm_t”的声明
F:\study\Projects\gl_world\l_world\mm\mm.c(148,37): warning C4090:  “=”: 不同的“const”限定符
F:\study\Projects\gl_world\l_world\mm\mm.c(153,37): warning C4090:  “=”: 不同的“const”限定符
F:\study\Projects\gl_world\l_world\mm\mm.c(165,35): warning C4090:  “函数”: 不同的“const”限定符
F:\study\Projects\gl_world\l_world\mm\mm.c(165,46): warning C4133:  “函数”: 从“mblk_t *const ”到“DNode_t *const ”的类型不兼容
F:\study\Projects\gl_world\l_world\mm\mm.c(171,38): warning C4090:  “函数”: 不同的“const”限定符
F:\study\Projects\gl_world\l_world\mm\mm.c(171,56): warning C4090:  “函数”: 不同的“const”限定符
F:\study\Projects\gl_world\l_world\mm\mm.c(189,1): warning C4114:  多次使用同一类型限定符
F:\study\Projects\gl_world\l_world\mm\mm.c(181,1): warning C4477:  “printf”: 格式字符串“%08X”需要类型“unsigned int”的参数，但可变参数 1 拥有了类型“const mblk_t *”
F:\study\Projects\gl_world\l_world\mm\mm.c(181,1): warning C4477:  “printf”: 格式字符串“%d”需要类型“int”的参数，但可变参数 2 拥有了类型“const ux_t”
F:\study\Projects\gl_world\l_world\mm\mm.c(181,1): message :  请考虑在格式字符串中使用“%lld”
F:\study\Projects\gl_world\l_world\mm\mm.c(181,1): message :  请考虑在格式字符串中使用“%I64d”
F:\study\Projects\gl_world\l_world\mm\mm.c(203,18): error C2039:  “pdhead”: 不是“mfrlst_t”的成员
F:\study\Projects\gl_world\l_world\mm\mm.h(49): message :  参见“mfrlst_t”的声明
F:\study\Projects\gl_world\l_world\mm\mm.c(204,18): error C2039:  “pdtail”: 不是“mfrlst_t”的成员
F:\study\Projects\gl_world\l_world\mm\mm.h(49): message :  参见“mfrlst_t”的声明
F:\study\Projects\gl_world\l_world\mm\mm.c(214,1): warning C4133:  “初始化”: 从“mfrlst_t *”到“mblk_t *”的类型不兼容
F:\study\Projects\gl_world\l_world\mm\mm.c(244,1): warning C4028:  形参 1 与声明不同
F:\study\Projects\gl_world\l_world\mm\mm.c(251,1): warning C4028:  形参 1 与声明不同
